<?xml version="1.0" encoding="UTF-8"?>
<testsuite name="rationals.TestRationals" tests="43" skipped="0" failures="1" errors="0" timestamp="2021-02-15T09:30:30" hostname="EPBYMINW0D40" time="0.159">
  <properties/>
  <testcase name="test0Sample9InRange" classname="rationals.TestRationals" time="0.011"/>
  <testcase name="test0Sample3Product" classname="rationals.TestRationals" time="0.0"/>
  <testcase name="test4InRange0" classname="rationals.TestRationals" time="0.018"/>
  <testcase name="test4InRange1" classname="rationals.TestRationals" time="0.0"/>
  <testcase name="test4InRange2" classname="rationals.TestRationals" time="0.001"/>
  <testcase name="test4InRange3" classname="rationals.TestRationals" time="0.001"/>
  <testcase name="test4InRange4" classname="rationals.TestRationals" time="0.001"/>
  <testcase name="test4InRange5" classname="rationals.TestRationals" time="0.0"/>
  <testcase name="test4InRange6" classname="rationals.TestRationals" time="0.001"/>
  <testcase name="test0Sample10Long" classname="rationals.TestRationals" time="0.0"/>
  <testcase name="test3Comparison10" classname="rationals.TestRationals" time="0.005"/>
  <testcase name="test0Sample1Sum" classname="rationals.TestRationals" time="0.003"/>
  <testcase name="test0Sample5Negation" classname="rationals.TestRationals" time="0.016"/>
  <testcase name="test0Sample4Quotient" classname="rationals.TestRationals" time="0.003"/>
  <testcase name="test1Normalized0" classname="rationals.TestRationals" time="0.001"/>
  <testcase name="test1Normalized1" classname="rationals.TestRationals" time="0.002"/>
  <testcase name="test1Normalized2" classname="rationals.TestRationals" time="0.0"/>
  <testcase name="test1Normalized3" classname="rationals.TestRationals" time="0.0"/>
  <testcase name="test1Normalized4" classname="rationals.TestRationals" time="0.0"/>
  <testcase name="test1Normalized5" classname="rationals.TestRationals" time="0.001"/>
  <testcase name="test3Comparison0" classname="rationals.TestRationals" time="0.001"/>
  <testcase name="test3Comparison1" classname="rationals.TestRationals" time="0.036"/>
  <testcase name="test3Comparison2" classname="rationals.TestRationals" time="0.005">
    <failure message="java.lang.AssertionError: Wrong result for -1042438361047144366998/59812037109262381713 == 1076615241954175969826/-61773005685895342531 expected:&lt;true&gt; but was:&lt;false&gt;" type="java.lang.AssertionError">java.lang.AssertionError: Wrong result for -1042438361047144366998/59812037109262381713 == 1076615241954175969826/-61773005685895342531 expected:&lt;true&gt; but was:&lt;false&gt;
	at org.junit.Assert.fail(Assert.java:88)
	at org.junit.Assert.failNotEquals(Assert.java:834)
	at org.junit.Assert.assertEquals(Assert.java:118)
	at rationals.TestRationals.testComparison(TestRationals.kt:39)
	at rationals.TestRationals.test3Comparison2(TestRationals.kt:168)
	at java.base/jdk.internal.reflect.NativeMethodAccessorImpl.invoke0(Native Method)
	at java.base/jdk.internal.reflect.NativeMethodAccessorImpl.invoke(NativeMethodAccessorImpl.java:62)
	at java.base/jdk.internal.reflect.DelegatingMethodAccessorImpl.invoke(DelegatingMethodAccessorImpl.java:43)
	at java.base/java.lang.reflect.Method.invoke(Method.java:566)
	at org.junit.runners.model.FrameworkMethod$1.runReflectiveCall(FrameworkMethod.java:50)
	at org.junit.internal.runners.model.ReflectiveCallable.run(ReflectiveCallable.java:12)
	at org.junit.runners.model.FrameworkMethod.invokeExplosively(FrameworkMethod.java:47)
	at org.junit.internal.runners.statements.InvokeMethod.evaluate(InvokeMethod.java:17)
	at org.junit.runners.ParentRunner.runLeaf(ParentRunner.java:325)
	at org.junit.runners.BlockJUnit4ClassRunner.runChild(BlockJUnit4ClassRunner.java:78)
	at org.junit.runners.BlockJUnit4ClassRunner.runChild(BlockJUnit4ClassRunner.java:57)
	at org.junit.runners.ParentRunner$3.run(ParentRunner.java:290)
	at org.junit.runners.ParentRunner$1.schedule(ParentRunner.java:71)
	at org.junit.runners.ParentRunner.runChildren(ParentRunner.java:288)
	at org.junit.runners.ParentRunner.access$000(ParentRunner.java:58)
	at org.junit.runners.ParentRunner$2.evaluate(ParentRunner.java:268)
	at org.junit.runners.ParentRunner.run(ParentRunner.java:363)
	at org.gradle.api.internal.tasks.testing.junit.JUnitTestClassExecutor.runTestClass(JUnitTestClassExecutor.java:110)
	at org.gradle.api.internal.tasks.testing.junit.JUnitTestClassExecutor.execute(JUnitTestClassExecutor.java:58)
	at org.gradle.api.internal.tasks.testing.junit.JUnitTestClassExecutor.execute(JUnitTestClassExecutor.java:38)
	at org.gradle.api.internal.tasks.testing.junit.AbstractJUnitTestClassProcessor.processTestClass(AbstractJUnitTestClassProcessor.java:62)
	at org.gradle.api.internal.tasks.testing.SuiteTestClassProcessor.processTestClass(SuiteTestClassProcessor.java:51)
	at java.base/jdk.internal.reflect.NativeMethodAccessorImpl.invoke0(Native Method)
	at java.base/jdk.internal.reflect.NativeMethodAccessorImpl.invoke(NativeMethodAccessorImpl.java:62)
	at java.base/jdk.internal.reflect.DelegatingMethodAccessorImpl.invoke(DelegatingMethodAccessorImpl.java:43)
	at java.base/java.lang.reflect.Method.invoke(Method.java:566)
	at org.gradle.internal.dispatch.ReflectionDispatch.dispatch(ReflectionDispatch.java:36)
	at org.gradle.internal.dispatch.ReflectionDispatch.dispatch(ReflectionDispatch.java:24)
	at org.gradle.internal.dispatch.ContextClassLoaderDispatch.dispatch(ContextClassLoaderDispatch.java:33)
	at org.gradle.internal.dispatch.ProxyDispatchAdapter$DispatchingInvocationHandler.invoke(ProxyDispatchAdapter.java:94)
	at com.sun.proxy.$Proxy2.processTestClass(Unknown Source)
	at org.gradle.api.internal.tasks.testing.worker.TestWorker.processTestClass(TestWorker.java:119)
	at java.base/jdk.internal.reflect.NativeMethodAccessorImpl.invoke0(Native Method)
	at java.base/jdk.internal.reflect.NativeMethodAccessorImpl.invoke(NativeMethodAccessorImpl.java:62)
	at java.base/jdk.internal.reflect.DelegatingMethodAccessorImpl.invoke(DelegatingMethodAccessorImpl.java:43)
	at java.base/java.lang.reflect.Method.invoke(Method.java:566)
	at org.gradle.internal.dispatch.ReflectionDispatch.dispatch(ReflectionDispatch.java:36)
	at org.gradle.internal.dispatch.ReflectionDispatch.dispatch(ReflectionDispatch.java:24)
	at org.gradle.internal.remote.internal.hub.MessageHubBackedObjectConnection$DispatchWrapper.dispatch(MessageHubBackedObjectConnection.java:182)
	at org.gradle.internal.remote.internal.hub.MessageHubBackedObjectConnection$DispatchWrapper.dispatch(MessageHubBackedObjectConnection.java:164)
	at org.gradle.internal.remote.internal.hub.MessageHub$Handler.run(MessageHub.java:414)
	at org.gradle.internal.concurrent.ExecutorPolicy$CatchAndRecordFailures.onExecute(ExecutorPolicy.java:64)
	at org.gradle.internal.concurrent.ManagedExecutorImpl$1.run(ManagedExecutorImpl.java:48)
	at java.base/java.util.concurrent.ThreadPoolExecutor.runWorker(ThreadPoolExecutor.java:1128)
	at java.base/java.util.concurrent.ThreadPoolExecutor$Worker.run(ThreadPoolExecutor.java:628)
	at org.gradle.internal.concurrent.ThreadFactoryImpl$ManagedThreadRunnable.run(ThreadFactoryImpl.java:56)
	at java.base/java.lang.Thread.run(Thread.java:834)
</failure>
  </testcase>
  <testcase name="test3Comparison3" classname="rationals.TestRationals" time="0.001"/>
  <testcase name="test3Comparison4" classname="rationals.TestRationals" time="0.001"/>
  <testcase name="test3Comparison5" classname="rationals.TestRationals" time="0.0"/>
  <testcase name="test3Comparison6" classname="rationals.TestRationals" time="0.0"/>
  <testcase name="test3Comparison7" classname="rationals.TestRationals" time="0.0"/>
  <testcase name="test3Comparison8" classname="rationals.TestRationals" time="0.001"/>
  <testcase name="test3Comparison9" classname="rationals.TestRationals" time="0.001"/>
  <testcase name="test0Sample8Comparison" classname="rationals.TestRationals" time="0.0"/>
  <testcase name="test0Sample11BigInteger" classname="rationals.TestRationals" time="0.001"/>
  <testcase name="test0Sample2Difference" classname="rationals.TestRationals" time="0.0"/>
  <testcase name="test0Sample6Integer" classname="rationals.TestRationals" time="0.0"/>
  <testcase name="test2Arithmetic0" classname="rationals.TestRationals" time="0.01"/>
  <testcase name="test2Arithmetic1" classname="rationals.TestRationals" time="0.002"/>
  <testcase name="test2Arithmetic2" classname="rationals.TestRationals" time="0.003"/>
  <testcase name="test2Arithmetic3" classname="rationals.TestRationals" time="0.005"/>
  <testcase name="test2Arithmetic4" classname="rationals.TestRationals" time="0.002"/>
  <testcase name="test2Arithmetic5" classname="rationals.TestRationals" time="0.002"/>
  <testcase name="test2Arithmetic6" classname="rationals.TestRationals" time="0.002"/>
  <testcase name="test2Arithmetic7" classname="rationals.TestRationals" time="0.002"/>
  <testcase name="test0Sample7NormalizedForm" classname="rationals.TestRationals" time="0.001"/>
  <system-out><![CDATA[]]></system-out>
  <system-err><![CDATA[]]></system-err>
</testsuite>
